<?xml version="1.0" encoding="UTF-8"?>
<!-- Generated by org.testng.reporters.JUnitReportReporter -->
<testsuite hostname="Manul-W" failures="0" tests="2" name="test.ExtendReportTestNG" time="36.562" errors="0" timestamp="2021-05-22T21:00:24 IST" skipped="0">
  <testcase classname="test.ExtendReportTestNG" name="test2" time="28.588"/>
  <system-out/>
  <testcase classname="test.ExtendReportTestNG" name="test1" time="7.974"/>
  <system-out/>
</testsuite> <!-- test.ExtendReportTestNG -->
