<?xml version="1.0" encoding="UTF-8"?>
<!-- Generated by org.testng.reporters.JUnitReportReporter -->
<testsuite hostname="Manul-W" failures="0" tests="1" name="test.TestingXML2" time="10.859" errors="0" timestamp="2021-05-21T20:38:34 IST" skipped="0">
  <testcase classname="test.TestingXML2" name="googleSearchTest2" time="10.859"/>
  <system-out/>
</testsuite> <!-- test.TestingXML2 -->
